Performing C SOURCE FILE Test CMAKE_HAVE_LIBC_PTHREAD failed with the following output:
Change Dir: /home/PROJECTS/encode-tree/encode-tree-cpp/build/CMakeFiles/CMakeTmp

Run Build Command(s):/usr/bin/make -f Makefile cmTC_138b1/fast && /usr/bin/make  -f CMakeFiles/cmTC_138b1.dir/build.make CMakeFiles/cmTC_138b1.dir/build
make[1]: Entering directory '/home/PROJECTS/encode-tree/encode-tree-cpp/build/CMakeFiles/CMakeTmp'
Building C object CMakeFiles/cmTC_138b1.dir/src.c.o
/usr/bin/cc -DCMAKE_HAVE_LIBC_PTHREAD   -MD -MT CMakeFiles/cmTC_138b1.dir/src.c.o -MF CMakeFiles/cmTC_138b1.dir/src.c.o.d -o CMakeFiles/cmTC_138b1.dir/src.c.o -c /home/PROJECTS/encode-tree/encode-tree-cpp/build/CMakeFiles/CMakeTmp/src.c
Linking C executable cmTC_138b1
/usr/bin/cmake -E cmake_link_script CMakeFiles/cmTC_138b1.dir/link.txt --verbose=1
/usr/bin/cc -rdynamic CMakeFiles/cmTC_138b1.dir/src.c.o -o cmTC_138b1 
CMakeFiles/cmTC_138b1.dir/src.c.o: In function `main':
src.c:(.text+0x25): undefined reference to `pthread_create'
src.c:(.text+0x31): undefined reference to `pthread_detach'
src.c:(.text+0x3d): undefined reference to `pthread_cancel'
src.c:(.text+0x4f): undefined reference to `pthread_join'
src.c:(.text+0x66): undefined reference to `pthread_atfork'
clang: error: linker command failed with exit code 1 (use -v to see invocation)
CMakeFiles/cmTC_138b1.dir/build.make:99: recipe for target 'cmTC_138b1' failed
make[1]: *** [cmTC_138b1] Error 1
make[1]: Leaving directory '/home/PROJECTS/encode-tree/encode-tree-cpp/build/CMakeFiles/CMakeTmp'
Makefile:127: recipe for target 'cmTC_138b1/fast' failed
make: *** [cmTC_138b1/fast] Error 2


Source file was:
#include <pthread.h>

static void* test_func(void* data)
{
  return data;
}

int main(void)
{
  pthread_t thread;
  pthread_create(&thread, NULL, test_func, NULL);
  pthread_detach(thread);
  pthread_cancel(thread);
  pthread_join(thread, NULL);
  pthread_atfork(NULL, NULL, NULL);
  pthread_exit(NULL);

  return 0;
}

Determining if the function pthread_create exists in the pthreads failed with the following output:
Change Dir: /home/PROJECTS/encode-tree/encode-tree-cpp/build/CMakeFiles/CMakeTmp

Run Build Command(s):/usr/bin/make -f Makefile cmTC_c482f/fast && /usr/bin/make  -f CMakeFiles/cmTC_c482f.dir/build.make CMakeFiles/cmTC_c482f.dir/build
make[1]: Entering directory '/home/PROJECTS/encode-tree/encode-tree-cpp/build/CMakeFiles/CMakeTmp'
Building C object CMakeFiles/cmTC_c482f.dir/CheckFunctionExists.c.o
/usr/bin/cc   -DCHECK_FUNCTION_EXISTS=pthread_create -MD -MT CMakeFiles/cmTC_c482f.dir/CheckFunctionExists.c.o -MF CMakeFiles/cmTC_c482f.dir/CheckFunctionExists.c.o.d -o CMakeFiles/cmTC_c482f.dir/CheckFunctionExists.c.o -c /usr/share/cmake-3.21/Modules/CheckFunctionExists.c
Linking C executable cmTC_c482f
/usr/bin/cmake -E cmake_link_script CMakeFiles/cmTC_c482f.dir/link.txt --verbose=1
/usr/bin/cc  -DCHECK_FUNCTION_EXISTS=pthread_create -rdynamic CMakeFiles/cmTC_c482f.dir/CheckFunctionExists.c.o -o cmTC_c482f  -lpthreads 
/usr/bin/ld: cannot find -lpthreads
clang: error: linker command failed with exit code 1 (use -v to see invocation)
CMakeFiles/cmTC_c482f.dir/build.make:99: recipe for target 'cmTC_c482f' failed
make[1]: *** [cmTC_c482f] Error 1
make[1]: Leaving directory '/home/PROJECTS/encode-tree/encode-tree-cpp/build/CMakeFiles/CMakeTmp'
Makefile:127: recipe for target 'cmTC_c482f/fast' failed
make: *** [cmTC_c482f/fast] Error 2



Performing C SOURCE FILE Test CMAKE_HAVE_LIBC_PTHREAD failed with the following output:
Change Dir: /home/PROJECTS/encode-tree/encode-tree-cpp/build/CMakeFiles/CMakeTmp

Run Build Command(s):/usr/bin/make -f Makefile cmTC_92163/fast && /usr/bin/make  -f CMakeFiles/cmTC_92163.dir/build.make CMakeFiles/cmTC_92163.dir/build
make[1]: Entering directory '/home/PROJECTS/encode-tree/encode-tree-cpp/build/CMakeFiles/CMakeTmp'
Building C object CMakeFiles/cmTC_92163.dir/src.c.o
/usr/bin/cc -DCMAKE_HAVE_LIBC_PTHREAD   -MD -MT CMakeFiles/cmTC_92163.dir/src.c.o -MF CMakeFiles/cmTC_92163.dir/src.c.o.d -o CMakeFiles/cmTC_92163.dir/src.c.o -c /home/PROJECTS/encode-tree/encode-tree-cpp/build/CMakeFiles/CMakeTmp/src.c
Linking C executable cmTC_92163
/usr/bin/cmake -E cmake_link_script CMakeFiles/cmTC_92163.dir/link.txt --verbose=1
/usr/bin/cc -rdynamic CMakeFiles/cmTC_92163.dir/src.c.o -o cmTC_92163 
CMakeFiles/cmTC_92163.dir/src.c.o: In function `main':
src.c:(.text+0x25): undefined reference to `pthread_create'
src.c:(.text+0x31): undefined reference to `pthread_detach'
src.c:(.text+0x3d): undefined reference to `pthread_cancel'
src.c:(.text+0x4f): undefined reference to `pthread_join'
src.c:(.text+0x66): undefined reference to `pthread_atfork'
clang: error: linker command failed with exit code 1 (use -v to see invocation)
CMakeFiles/cmTC_92163.dir/build.make:99: recipe for target 'cmTC_92163' failed
make[1]: *** [cmTC_92163] Error 1
make[1]: Leaving directory '/home/PROJECTS/encode-tree/encode-tree-cpp/build/CMakeFiles/CMakeTmp'
Makefile:127: recipe for target 'cmTC_92163/fast' failed
make: *** [cmTC_92163/fast] Error 2


Source file was:
#include <pthread.h>

static void* test_func(void* data)
{
  return data;
}

int main(void)
{
  pthread_t thread;
  pthread_create(&thread, NULL, test_func, NULL);
  pthread_detach(thread);
  pthread_cancel(thread);
  pthread_join(thread, NULL);
  pthread_atfork(NULL, NULL, NULL);
  pthread_exit(NULL);

  return 0;
}

Determining if the function pthread_create exists in the pthreads failed with the following output:
Change Dir: /home/PROJECTS/encode-tree/encode-tree-cpp/build/CMakeFiles/CMakeTmp

Run Build Command(s):/usr/bin/make -f Makefile cmTC_991bb/fast && /usr/bin/make  -f CMakeFiles/cmTC_991bb.dir/build.make CMakeFiles/cmTC_991bb.dir/build
make[1]: Entering directory '/home/PROJECTS/encode-tree/encode-tree-cpp/build/CMakeFiles/CMakeTmp'
Building C object CMakeFiles/cmTC_991bb.dir/CheckFunctionExists.c.o
/usr/bin/cc   -DCHECK_FUNCTION_EXISTS=pthread_create -MD -MT CMakeFiles/cmTC_991bb.dir/CheckFunctionExists.c.o -MF CMakeFiles/cmTC_991bb.dir/CheckFunctionExists.c.o.d -o CMakeFiles/cmTC_991bb.dir/CheckFunctionExists.c.o -c /usr/share/cmake-3.21/Modules/CheckFunctionExists.c
Linking C executable cmTC_991bb
/usr/bin/cmake -E cmake_link_script CMakeFiles/cmTC_991bb.dir/link.txt --verbose=1
/usr/bin/cc  -DCHECK_FUNCTION_EXISTS=pthread_create -rdynamic CMakeFiles/cmTC_991bb.dir/CheckFunctionExists.c.o -o cmTC_991bb  -lpthreads 
/usr/bin/ld: cannot find -lpthreads
clang: error: linker command failed with exit code 1 (use -v to see invocation)
CMakeFiles/cmTC_991bb.dir/build.make:99: recipe for target 'cmTC_991bb' failed
make[1]: *** [cmTC_991bb] Error 1
make[1]: Leaving directory '/home/PROJECTS/encode-tree/encode-tree-cpp/build/CMakeFiles/CMakeTmp'
Makefile:127: recipe for target 'cmTC_991bb/fast' failed
make: *** [cmTC_991bb/fast] Error 2



